Removed Pin From Net: NetName=F Pin=U3-2
Removed Pin From Net: NetName=DIG1 Pin=U3-3
Removed Pin From Net: NetName=µÿ÷∑- Pin=U3-4
Removed Pin From Net: NetName=E Pin=U3-29
Removed Pin From Net: NetName=DIG2 Pin=U3-38
Removed Pin From Net: NetName=DP Pin=U3-39
Removed Pin From Net: NetName=G Pin=U3-40
Removed Pin From Net: NetName=A Pin=U3-41
Removed Pin From Net: NetName=C Pin=U3-42
Removed Pin From Net: NetName=B Pin=U3-45
Added Pin To Net: NetName=µÿ÷∑- Pin=U3-12
Added Pin To Net: NetName=DIG2 Pin=U3-13
Added Pin To Net: NetName=DP Pin=U3-14
Added Pin To Net: NetName=A Pin=U3-15
Added Pin To Net: NetName=G Pin=U3-16
Added Pin To Net: NetName=C Pin=U3-17
Added Pin To Net: NetName=B Pin=U3-18
Added Pin To Net: NetName=D Pin=U3-19
Added Pin To Net: NetName=E Pin=U3-25
Added Pin To Net: NetName=F Pin=U3-26
Added Pin To Net: NetName=DIG1 Pin=U3-27
Added Pin To Net: NetName=µÿ÷∑+ Pin=U3-28
