Added Component: Designator=C1(C-0603)
Added Component: Designator=C2(贴片固态电容6.3*7.7)
Added Component: Designator=C3(C-0603)
Added Component: Designator=C4(贴片固态电容6.3*7.7)
Added Component: Designator=C5(C-0603)
Added Component: Designator=C6(C-0603)
Added Component: Designator=C7(C-0603)
Added Component: Designator=C8(C-0603)
Added Component: Designator=C9(C-0603)
Added Component: Designator=C10(C-0603)
Added Component: Designator=C11(C-0603)
Added Component: Designator=C12(C-0603)
Added Component: Designator=D1(SMA)
Added Component: Designator=D2(SMB)
Added Component: Designator=D3(SMA)
Added Component: Designator=D4(2位0.28英寸)
Added Component: Designator=D5(SMA)
Added Component: Designator=D6(SMA)
Added Component: Designator=D7(SMA)
Added Component: Designator=D8(SMA)
Added Component: Designator=D9(SMA)
Added Component: Designator=F1(FUSE-3*10带引线)
Added Component: Designator=I1(4030)
Added Component: Designator=N1(MARK-1mm-3mm)
Added Component: Designator=N2(MARK-1mm-3mm)
Added Component: Designator=P1(KF2EDGVC-5.08-6P)
Added Component: Designator=P2(5P下载口)
Added Component: Designator=Q1(SOT-23)
Added Component: Designator=Q2(SOT-23)
Added Component: Designator=R1(R-0603)
Added Component: Designator=R2(R-0603)
Added Component: Designator=R3(R-0603)
Added Component: Designator=R4(R-0603)
Added Component: Designator=R5(R-0603)
Added Component: Designator=R6(R-0603)
Added Component: Designator=R7(R-0603)
Added Component: Designator=R8(R-0603)
Added Component: Designator=R9(R-0603)
Added Component: Designator=R10(R-0603)
Added Component: Designator=R11(R-0603)
Added Component: Designator=R12(R-0603)
Added Component: Designator=R13(R-0603)
Added Component: Designator=R14(R-0603)
Added Component: Designator=R15(R-0805)
Added Component: Designator=R16(R-1206)
Added Component: Designator=R17(R-0805)
Added Component: Designator=R18(R-0603)
Added Component: Designator=R19(R-1206)
Added Component: Designator=R20(R-1206)
Added Component: Designator=S1(SB-4.5*4.5*9-L)
Added Component: Designator=S2(SB-4.5*4.5*9-L)
Added Component: Designator=U1(SOT-23-6-m)
Added Component: Designator=U2(SOT-23)
Added Component: Designator=U3(LQFP48-L)
Added Component: Designator=U4(SOP-8-N)
Added Component: Designator=U5(SOP-8-N)
Added Component: Designator=Y1(HC-49SMD)
Added Pin To Net: NetName=3.3V Pin=C6-2
Added Pin To Net: NetName=3.3V Pin=C7-2
Added Pin To Net: NetName=3.3V Pin=C8-2
Added Pin To Net: NetName=3.3V Pin=D5-1
Added Pin To Net: NetName=3.3V Pin=P2-1
Added Pin To Net: NetName=3.3V Pin=U2-2
Added Pin To Net: NetName=3.3V Pin=U3-1
Added Pin To Net: NetName=3.3V Pin=U3-9
Added Pin To Net: NetName=3.3V Pin=U3-24
Added Pin To Net: NetName=3.3V Pin=U3-36
Added Pin To Net: NetName=3.3V Pin=U3-48
Added Pin To Net: NetName=3.3V Pin=U4-8
Added Pin To Net: NetName=3.3V Pin=U5-5
Added Net: Name=3.3V
Added Pin To Net: NetName=5V Pin=C4-1
Added Pin To Net: NetName=5V Pin=C5-2
Added Pin To Net: NetName=5V Pin=D3-2
Added Pin To Net: NetName=5V Pin=I1-2
Added Pin To Net: NetName=5V Pin=R2-1
Added Pin To Net: NetName=5V Pin=U2-3
Added Pin To Net: NetName=5V Pin=U5-3
Added Net: Name=5V
Added Pin To Net: NetName=24V Pin=C2-1
Added Pin To Net: NetName=24V Pin=C3-2
Added Pin To Net: NetName=24V Pin=D1-2
Added Pin To Net: NetName=24V Pin=D2-2
Added Pin To Net: NetName=24V Pin=R1-1
Added Pin To Net: NetName=24V Pin=U1-5
Added Net: Name=24V
Added Pin To Net: NetName=485-A Pin=D7-2
Added Pin To Net: NetName=485-A Pin=P1-3
Added Pin To Net: NetName=485-A Pin=R14-2
Added Pin To Net: NetName=485-A Pin=R15-1
Added Pin To Net: NetName=485-A Pin=R16-1
Added Net: Name=485-A
Added Pin To Net: NetName=485-B Pin=D6-2
Added Pin To Net: NetName=485-B Pin=P1-4
Added Pin To Net: NetName=485-B Pin=R16-2
Added Pin To Net: NetName=485-B Pin=R17-1
Added Pin To Net: NetName=485-B Pin=R18-2
Added Net: Name=485-B
Added Pin To Net: NetName=485-RE/DE Pin=U3-14
Added Pin To Net: NetName=485-RE/DE Pin=U4-2
Added Pin To Net: NetName=485-RE/DE Pin=U4-3
Added Net: Name=485-RE/DE
Added Pin To Net: NetName=485-RXD Pin=U3-13
Added Pin To Net: NetName=485-RXD Pin=U4-1
Added Net: Name=485-RXD
Added Pin To Net: NetName=485-TXD Pin=U3-12
Added Pin To Net: NetName=485-TXD Pin=U4-4
Added Net: Name=485-TXD
Added Pin To Net: NetName=A Pin=R4-1
Added Pin To Net: NetName=A Pin=U3-41
Added Net: Name=A
Added Pin To Net: NetName=B Pin=R5-1
Added Pin To Net: NetName=B Pin=U3-45
Added Net: Name=B
Added Pin To Net: NetName=CAN-H Pin=D8-2
Added Pin To Net: NetName=CAN-H Pin=P1-5
Added Pin To Net: NetName=CAN-H Pin=R19-1
Added Pin To Net: NetName=CAN-H Pin=U5-7
Added Net: Name=CAN-H
Added Pin To Net: NetName=CAN-L Pin=D9-2
Added Pin To Net: NetName=CAN-L Pin=P1-6
Added Pin To Net: NetName=CAN-L Pin=R20-2
Added Pin To Net: NetName=CAN-L Pin=U5-6
Added Net: Name=CAN-L
Added Pin To Net: NetName=CAN-RXD Pin=U3-32
Added Pin To Net: NetName=CAN-RXD Pin=U5-4
Added Net: Name=CAN-RXD
Added Pin To Net: NetName=CAN-TXD Pin=U3-33
Added Pin To Net: NetName=CAN-TXD Pin=U5-1
Added Net: Name=CAN-TXD
Added Pin To Net: NetName=C Pin=R6-1
Added Pin To Net: NetName=C Pin=U3-42
Added Net: Name=C
Added Pin To Net: NetName=DIG1 Pin=Q1-1
Added Pin To Net: NetName=DIG1 Pin=U3-3
Added Net: Name=DIG1
Added Pin To Net: NetName=DIG2 Pin=Q2-1
Added Pin To Net: NetName=DIG2 Pin=U3-38
Added Net: Name=DIG2
Added Pin To Net: NetName=DP Pin=R11-1
Added Pin To Net: NetName=DP Pin=U3-39
Added Net: Name=DP
Added Pin To Net: NetName=D Pin=R7-1
Added Pin To Net: NetName=D Pin=U3-30
Added Net: Name=D
Added Pin To Net: NetName=E Pin=R8-1
Added Pin To Net: NetName=E Pin=U3-29
Added Net: Name=E
Added Pin To Net: NetName=F Pin=R9-1
Added Pin To Net: NetName=F Pin=U3-2
Added Net: Name=F
Added Pin To Net: NetName=GND Pin=C2-2
Added Pin To Net: NetName=GND Pin=C3-1
Added Pin To Net: NetName=GND Pin=C4-2
Added Pin To Net: NetName=GND Pin=C5-1
Added Pin To Net: NetName=GND Pin=C6-1
Added Pin To Net: NetName=GND Pin=C7-1
Added Pin To Net: NetName=GND Pin=C8-1
Added Pin To Net: NetName=GND Pin=C9-1
Added Pin To Net: NetName=GND Pin=C10-1
Added Pin To Net: NetName=GND Pin=C11-1
Added Pin To Net: NetName=GND Pin=C12-1
Added Pin To Net: NetName=GND Pin=D2-1
Added Pin To Net: NetName=GND Pin=D3-1
Added Pin To Net: NetName=GND Pin=D6-1
Added Pin To Net: NetName=GND Pin=D7-1
Added Pin To Net: NetName=GND Pin=D8-1
Added Pin To Net: NetName=GND Pin=D9-1
Added Pin To Net: NetName=GND Pin=P1-2
Added Pin To Net: NetName=GND Pin=P2-3
Added Pin To Net: NetName=GND Pin=Q1-2
Added Pin To Net: NetName=GND Pin=Q2-2
Added Pin To Net: NetName=GND Pin=R3-2
Added Pin To Net: NetName=GND Pin=R12-2
Added Pin To Net: NetName=GND Pin=R13-2
Added Pin To Net: NetName=GND Pin=R18-1
Added Pin To Net: NetName=GND Pin=S1-1
Added Pin To Net: NetName=GND Pin=S1-1
Added Pin To Net: NetName=GND Pin=S2-1
Added Pin To Net: NetName=GND Pin=S2-1
Added Pin To Net: NetName=GND Pin=U1-2
Added Pin To Net: NetName=GND Pin=U2-1
Added Pin To Net: NetName=GND Pin=U3-8
Added Pin To Net: NetName=GND Pin=U3-23
Added Pin To Net: NetName=GND Pin=U3-35
Added Pin To Net: NetName=GND Pin=U3-47
Added Pin To Net: NetName=GND Pin=U4-5
Added Pin To Net: NetName=GND Pin=U5-2
Added Pin To Net: NetName=GND Pin=U5-8
Added Net: Name=GND
Added Pin To Net: NetName=G Pin=R10-1
Added Pin To Net: NetName=G Pin=U3-40
Added Net: Name=G
Added Pin To Net: NetName=NetC1_1 Pin=C1-1
Added Pin To Net: NetName=NetC1_1 Pin=I1-1
Added Pin To Net: NetName=NetC1_1 Pin=U1-6
Added Net: Name=NetC1_1
Added Pin To Net: NetName=NetC1_2 Pin=C1-2
Added Pin To Net: NetName=NetC1_2 Pin=U1-1
Added Net: Name=NetC1_2
Added Pin To Net: NetName=NetC9_2 Pin=C9-2
Added Pin To Net: NetName=NetC9_2 Pin=U3-5
Added Pin To Net: NetName=NetC9_2 Pin=Y1-2
Added Net: Name=NetC9_2
Added Pin To Net: NetName=NetC10_2 Pin=C10-2
Added Pin To Net: NetName=NetC10_2 Pin=U3-6
Added Pin To Net: NetName=NetC10_2 Pin=Y1-1
Added Net: Name=NetC10_2
Added Pin To Net: NetName=NetC12_2 Pin=C12-2
Added Pin To Net: NetName=NetC12_2 Pin=R19-2
Added Pin To Net: NetName=NetC12_2 Pin=R20-1
Added Net: Name=NetC12_2
Added Pin To Net: NetName=NetD1_1 Pin=D1-1
Added Pin To Net: NetName=NetD1_1 Pin=F1-2
Added Net: Name=NetD1_1
Added Pin To Net: NetName=NetD4_1 Pin=D4-1
Added Pin To Net: NetName=NetD4_1 Pin=R8-2
Added Net: Name=NetD4_1
Added Pin To Net: NetName=NetD4_2 Pin=D4-2
Added Pin To Net: NetName=NetD4_2 Pin=R7-2
Added Net: Name=NetD4_2
Added Pin To Net: NetName=NetD4_3 Pin=D4-3
Added Pin To Net: NetName=NetD4_3 Pin=R6-2
Added Net: Name=NetD4_3
Added Pin To Net: NetName=NetD4_4 Pin=D4-4
Added Pin To Net: NetName=NetD4_4 Pin=R10-2
Added Net: Name=NetD4_4
Added Pin To Net: NetName=NetD4_5 Pin=D4-5
Added Pin To Net: NetName=NetD4_5 Pin=R11-2
Added Net: Name=NetD4_5
Added Pin To Net: NetName=NetD4_6 Pin=D4-6
Added Pin To Net: NetName=NetD4_6 Pin=Q2-3
Added Net: Name=NetD4_6
Added Pin To Net: NetName=NetD4_7 Pin=D4-7
Added Pin To Net: NetName=NetD4_7 Pin=R4-2
Added Net: Name=NetD4_7
Added Pin To Net: NetName=NetD4_8 Pin=D4-8
Added Pin To Net: NetName=NetD4_8 Pin=R5-2
Added Net: Name=NetD4_8
Added Pin To Net: NetName=NetD4_9 Pin=D4-9
Added Pin To Net: NetName=NetD4_9 Pin=Q1-3
Added Net: Name=NetD4_9
Added Pin To Net: NetName=NetD4_10 Pin=D4-10
Added Pin To Net: NetName=NetD4_10 Pin=R9-2
Added Net: Name=NetD4_10
Added Pin To Net: NetName=NetD5_2 Pin=D5-2
Added Pin To Net: NetName=NetD5_2 Pin=R14-1
Added Net: Name=NetD5_2
Added Pin To Net: NetName=NetF1_1 Pin=F1-1
Added Pin To Net: NetName=NetF1_1 Pin=P1-1
Added Net: Name=NetF1_1
Added Pin To Net: NetName=NetR1_2 Pin=R1-2
Added Pin To Net: NetName=NetR1_2 Pin=U1-4
Added Net: Name=NetR1_2
Added Pin To Net: NetName=NetR2_2 Pin=R2-2
Added Pin To Net: NetName=NetR2_2 Pin=R3-1
Added Pin To Net: NetName=NetR2_2 Pin=U1-3
Added Net: Name=NetR2_2
Added Pin To Net: NetName=NetR12_1 Pin=R12-1
Added Pin To Net: NetName=NetR12_1 Pin=U3-44
Added Net: Name=NetR12_1
Added Pin To Net: NetName=NetR13_1 Pin=R13-1
Added Pin To Net: NetName=NetR13_1 Pin=U3-20
Added Net: Name=NetR13_1
Added Pin To Net: NetName=NetR15_2 Pin=R15-2
Added Pin To Net: NetName=NetR15_2 Pin=U4-6
Added Net: Name=NetR15_2
Added Pin To Net: NetName=NetR17_2 Pin=R17-2
Added Pin To Net: NetName=NetR17_2 Pin=U4-7
Added Net: Name=NetR17_2
Added Pin To Net: NetName=NRST Pin=C11-2
Added Pin To Net: NetName=NRST Pin=P2-5
Added Pin To Net: NetName=NRST Pin=U3-7
Added Net: Name=NRST
Added Pin To Net: NetName=SWCLK Pin=P2-2
Added Pin To Net: NetName=SWCLK Pin=U3-37
Added Net: Name=SWCLK
Added Pin To Net: NetName=SWDIO Pin=P2-4
Added Pin To Net: NetName=SWDIO Pin=U3-34
Added Net: Name=SWDIO
Added Pin To Net: NetName=地址+ Pin=S1-2
Added Pin To Net: NetName=地址+ Pin=S1-2
Added Pin To Net: NetName=地址+ Pin=U3-31
Added Net: Name=地址+
Added Pin To Net: NetName=地址- Pin=S2-2
Added Pin To Net: NetName=地址- Pin=S2-2
Added Pin To Net: NetName=地址- Pin=U3-4
Added Net: Name=地址-
Added Class: Name=RS485转CAN-V1
Added Room: Name=RS485转CAN-V1
